01:29:38.649 INFO - Launching a standalone Selenium Server
01:29:38.980 INFO - Java: Oracle Corporation 25.71-b15
01:29:38.980 INFO - OS: Windows 10 10.0 amd64
01:29:39.061 INFO - v2.52.0, with Core v2.52.0. Built from revision 4c2593c
01:29:39.266 INFO - Driver class not found: com.opera.core.systems.OperaDriver
01:29:39.266 INFO - Driver provider com.opera.core.systems.OperaDriver is not registered
01:29:39.297 INFO - Driver provider org.openqa.selenium.safari.SafariDriver registration is skipped:
registration capabilities Capabilities [{browserName=safari, version=, platform=MAC}] does not match the current platform WIN10
01:29:39.781 INFO - RemoteWebDriver instances should connect to: http://127.0.0.1:4444/wd/hub
01:29:39.781 INFO - Selenium Server is up and running
01:29:40.281 INFO - Executing: [new session: Capabilities [{acceptSslCerts=true, name=Sample, browserName=firefox, javascriptEnabled=true, platform=ANY}]])
01:29:40.313 INFO - Creating a new session for Capabilities [{acceptSslCerts=true, name=Sample, browserName=firefox, javascriptEnabled=true, platform=ANY}]
01:29:52.472 INFO - Done: [new session: Capabilities [{acceptSslCerts=true, name=Sample, browserName=firefox, javascriptEnabled=true, platform=ANY}]]
01:29:52.486 INFO - Executing: [maximise window])
01:29:52.683 INFO - Done: [maximise window]
01:29:52.690 INFO - Executing: [get: http://www.google.com])
01:29:55.923 INFO - Done: [get: http://www.google.com]
01:29:55.933 INFO - Executing: [find elements: By.cssSelector: body])
01:29:56.121 INFO - Done: [find elements: By.cssSelector: body]
01:29:56.126 INFO - Executing: [is displayed: 0 [[FirefoxDriver: firefox on WINDOWS (bff5866a-d58b-4501-a43c-caf1ff3f970a)] -> css selector: body]])
01:29:56.156 INFO - Done: [is displayed: 0 [[FirefoxDriver: firefox on WINDOWS (bff5866a-d58b-4501-a43c-caf1ff3f970a)] -> css selector: body]]
01:29:56.165 INFO - Executing: [find element: By.cssSelector: input[type=text]])
01:29:56.180 INFO - Done: [find element: By.cssSelector: input[type=text]]
01:29:56.185 INFO - Executing: [send keys: 1 [[FirefoxDriver: firefox on WINDOWS (bff5866a-d58b-4501-a43c-caf1ff3f970a)] -> css selector: input[type=text]], [n, i, g, h, t, w, a, t, c, h]])
01:29:56.287 INFO - Done: [send keys: 1 [[FirefoxDriver: firefox on WINDOWS (bff5866a-d58b-4501-a43c-caf1ff3f970a)] -> css selector: input[type=text]], [n, i, g, h, t, w, a, t, c, h]]
01:29:56.294 INFO - Executing: [find elements: By.cssSelector: button[name=btnG]])
01:29:56.312 INFO - Done: [find elements: By.cssSelector: button[name=btnG]]
01:29:56.316 INFO - Executing: [is displayed: 2 [[FirefoxDriver: firefox on WINDOWS (bff5866a-d58b-4501-a43c-caf1ff3f970a)] -> css selector: button[name=btnG]]])
01:29:56.337 INFO - Done: [is displayed: 2 [[FirefoxDriver: firefox on WINDOWS (bff5866a-d58b-4501-a43c-caf1ff3f970a)] -> css selector: button[name=btnG]]]
01:29:56.345 INFO - Executing: [find element: By.cssSelector: button[name=btnG]])
01:29:56.361 INFO - Done: [find element: By.cssSelector: button[name=btnG]]
01:29:56.365 INFO - Executing: [click: 2 [[FirefoxDriver: firefox on WINDOWS (bff5866a-d58b-4501-a43c-caf1ff3f970a)] -> css selector: button[name=btnG]]])
01:29:56.511 INFO - Done: [click: 2 [[FirefoxDriver: firefox on WINDOWS (bff5866a-d58b-4501-a43c-caf1ff3f970a)] -> css selector: button[name=btnG]]]
01:29:57.519 INFO - Executing: [find element: By.cssSelector: #main])
01:29:57.744 INFO - Done: [find element: By.cssSelector: #main]
01:29:57.749 INFO - Executing: [get text: 3 [[FirefoxDriver: firefox on WINDOWS (bff5866a-d58b-4501-a43c-caf1ff3f970a)] -> css selector: #main]])
01:29:59.251 INFO - Done: [get text: 3 [[FirefoxDriver: firefox on WINDOWS (bff5866a-d58b-4501-a43c-caf1ff3f970a)] -> css selector: #main]]
01:29:59.260 INFO - Executing: [delete session: 5f2e9e95-d484-44f7-9bc0-188b5e5259ea])
01:30:01.305 INFO - Done: [delete session: 5f2e9e95-d484-44f7-9bc0-188b5e5259ea]
